2019-08-22 09:13:27,512 [main] INFO  [com.manage.ManageTestApplication] - Starting ManageTestApplication on PC-20190121KZCT with PID 17668 (E:\idea_project_company\visitor_company\target\classes started by Administrator in E:\idea_project_company\visitor_company)
2019-08-22 09:13:27,516 [main] INFO  [com.manage.ManageTestApplication] - No active profile set, falling back to default profiles: default
2019-08-22 09:13:27,562 [main] INFO  [org.springframework.boot.context.embedded.AnnotationConfigEmbeddedWebApplicationContext] - Refreshing org.springframework.boot.context.embedded.AnnotationConfigEmbeddedWebApplicationContext@58ce9668: startup date [Thu Aug 22 09:13:27 CST 2019]; root of context hierarchy
2019-08-22 09:13:27,724 [background-preinit] INFO  [org.hibernate.validator.internal.util.Version] - HV000001: Hibernate Validator 5.3.5.Final
2019-08-22 09:13:28,596 [main] INFO  [org.springframework.context.support.PostProcessorRegistrationDelegate$BeanPostProcessorChecker] - Bean 'druidDataSourceConfig' of type [com.manage.conf.DruidDataSourceConfig$$EnhancerBySpringCGLIB$$3333d076] is not eligible for getting processed by all BeanPostProcessors (for example: not eligible for auto-proxying)
2019-08-22 09:13:28,986 [main] INFO  [org.springframework.boot.context.embedded.tomcat.TomcatEmbeddedServletContainer] - Tomcat initialized with port(s): 8085 (http)
2019-08-22 09:13:28,995 [main] INFO  [org.apache.catalina.core.StandardService] - Starting service [Tomcat]
2019-08-22 09:13:28,995 [main] INFO  [org.apache.catalina.core.StandardEngine] - Starting Servlet Engine: Apache Tomcat/8.5.16
2019-08-22 09:13:29,084 [localhost-startStop-1] INFO  [org.apache.catalina.core.ContainerBase.[Tomcat].[localhost].[/]] - Initializing Spring embedded WebApplicationContext
2019-08-22 09:13:29,085 [localhost-startStop-1] INFO  [org.springframework.web.context.ContextLoader] - Root WebApplicationContext: initialization completed in 1523 ms
2019-08-22 09:13:29,232 [localhost-startStop-1] INFO  [org.springframework.boot.web.servlet.ServletRegistrationBean] - Mapping servlet: 'statViewServlet' to [/druid/*]
2019-08-22 09:13:29,234 [localhost-startStop-1] INFO  [org.springframework.boot.web.servlet.ServletRegistrationBean] - Mapping servlet: 'dispatcherServlet' to [/]
2019-08-22 09:13:29,237 [localhost-startStop-1] INFO  [org.springframework.boot.web.servlet.FilterRegistrationBean] - Mapping filter: 'characterEncodingFilter' to: [/*]
2019-08-22 09:13:29,238 [localhost-startStop-1] INFO  [org.springframework.boot.web.servlet.FilterRegistrationBean] - Mapping filter: 'hiddenHttpMethodFilter' to: [/*]
2019-08-22 09:13:29,238 [localhost-startStop-1] INFO  [org.springframework.boot.web.servlet.FilterRegistrationBean] - Mapping filter: 'httpPutFormContentFilter' to: [/*]
2019-08-22 09:13:29,238 [localhost-startStop-1] INFO  [org.springframework.boot.web.servlet.FilterRegistrationBean] - Mapping filter: 'requestContextFilter' to: [/*]
2019-08-22 09:13:29,238 [localhost-startStop-1] INFO  [org.springframework.boot.web.servlet.FilterRegistrationBean] - Mapping filter: 'webStatFilter' to urls: [/*]
2019-08-22 09:13:29,238 [localhost-startStop-1] INFO  [org.springframework.boot.web.servlet.FilterRegistrationBean] - Mapping filter: 'corsFilter' to: [/*]
2019-08-22 09:13:29,608 [main] INFO  [com.alibaba.druid.pool.DruidDataSource] - {dataSource-1} inited
2019-08-22 09:13:30,824 [main] INFO  [org.springframework.web.servlet.mvc.method.annotation.RequestMappingHandlerAdapter] - Looking for @ControllerAdvice: org.springframework.boot.context.embedded.AnnotationConfigEmbeddedWebApplicationContext@58ce9668: startup date [Thu Aug 22 09:13:27 CST 2019]; root of context hierarchy
2019-08-22 09:13:30,833 [main] INFO  [org.springframework.web.servlet.mvc.method.annotation.RequestMappingHandlerAdapter] - Detected @ModelAttribute methods in myControllerAdvice
2019-08-22 09:13:30,833 [main] INFO  [org.springframework.web.servlet.mvc.method.annotation.RequestMappingHandlerAdapter] - Detected @InitBinder methods in myControllerAdvice
2019-08-22 09:13:30,875 [main] INFO  [org.springframework.web.servlet.mvc.method.annotation.RequestMappingHandlerMapping] - Mapped "{[/companyAuth/getAuth]}" onto public com.manage.utils.result.Result com.manage.controller.auth.CompanyAuthController.getAuth(javax.servlet.http.HttpServletRequest,javax.servlet.http.HttpServletResponse) throws java.lang.Exception
2019-08-22 09:13:30,876 [main] INFO  [org.springframework.web.servlet.mvc.method.annotation.RequestMappingHandlerMapping] - Mapped "{[/companyAuth/getRoleAuth]}" onto public com.manage.utils.result.Result com.manage.controller.auth.CompanyAuthController.getRoleAuth(javax.servlet.http.HttpServletRequest,javax.servlet.http.HttpServletResponse) throws java.lang.Exception
2019-08-22 09:13:30,877 [main] INFO  [org.springframework.web.servlet.mvc.method.annotation.RequestMappingHandlerMapping] - Mapped "{[/companyAuthRange/newGetAllMenu]}" onto public com.manage.utils.result.Result com.manage.controller.auth.CompanyAuthRangeController.newGetAllMenu(javax.servlet.http.HttpServletRequest,javax.servlet.http.HttpServletResponse) throws java.lang.Exception
2019-08-22 09:13:30,877 [main] INFO  [org.springframework.web.servlet.mvc.method.annotation.RequestMappingHandlerMapping] - Mapped "{[/companyAuthRange/newGetMenuButton]}" onto public com.manage.utils.result.Result com.manage.controller.auth.CompanyAuthRangeController.newGetMenuButton(javax.servlet.http.HttpServletRequest,javax.servlet.http.HttpServletResponse) throws java.lang.Exception
2019-08-22 09:13:30,877 [main] INFO  [org.springframework.web.servlet.mvc.method.annotation.RequestMappingHandlerMapping] - Mapped "{[/companyAuthRange/newAddAuthBatch]}" onto public com.manage.utils.result.Result com.manage.controller.auth.CompanyAuthRangeController.newAddAuthBatch(javax.servlet.http.HttpServletRequest,javax.servlet.http.HttpServletResponse) throws java.lang.Exception
2019-08-22 09:13:30,878 [main] INFO  [org.springframework.web.servlet.mvc.method.annotation.RequestMappingHandlerMapping] - Mapped "{[/kaptcha/imgCode]}" onto public void com.manage.controller.code.VerificationCodeImageController.getKaptchaImage(javax.servlet.http.HttpServletRequest,javax.servlet.http.HttpServletResponse) throws java.lang.Exception
2019-08-22 09:13:30,878 [main] INFO  [org.springframework.web.servlet.mvc.method.annotation.RequestMappingHandlerMapping] - Mapped "{[/company/exitApplyType]}" onto public com.manage.utils.result.Result com.manage.controller.company.CompanyController.exitApplyType(javax.servlet.http.HttpServletRequest,javax.servlet.http.HttpServletResponse) throws java.lang.Exception
2019-08-22 09:13:30,879 [main] INFO  [org.springframework.web.servlet.mvc.method.annotation.RequestMappingHandlerMapping] - Mapped "{[/companyOper/saveOper]}" onto public com.manage.utils.result.Result com.manage.controller.companyOper.CompanyOperController.saveOper(javax.servlet.http.HttpServletRequest,javax.servlet.http.HttpServletResponse) throws java.lang.Exception
2019-08-22 09:13:30,879 [main] INFO  [org.springframework.web.servlet.mvc.method.annotation.RequestMappingHandlerMapping] - Mapped "{[/companyOper/getOrgPageOper]}" onto public com.manage.utils.result.Result com.manage.controller.companyOper.CompanyOperController.getOrgPageOper(javax.servlet.http.HttpServletRequest,javax.servlet.http.HttpServletResponse,java.lang.Integer,java.lang.Integer) throws java.lang.Exception
2019-08-22 09:13:30,880 [main] INFO  [org.springframework.web.servlet.mvc.method.annotation.RequestMappingHandlerMapping] - Mapped "{[/companyOper/resetPassWord]}" onto public com.manage.utils.result.Result com.manage.controller.companyOper.CompanyOperController.resetPassWord(javax.servlet.http.HttpServletRequest,javax.servlet.http.HttpServletResponse) throws java.lang.Exception
2019-08-22 09:13:30,880 [main] INFO  [org.springframework.web.servlet.mvc.method.annotation.RequestMappingHandlerMapping] - Mapped "{[/companyOper/updateOper]}" onto public com.manage.utils.result.Result com.manage.controller.companyOper.CompanyOperController.updateOper(javax.servlet.http.HttpServletRequest,javax.servlet.http.HttpServletResponse) throws java.lang.Exception
2019-08-22 09:13:30,880 [main] INFO  [org.springframework.web.servlet.mvc.method.annotation.RequestMappingHandlerMapping] - Mapped "{[/companyOper/delOperBatch]}" onto public com.manage.utils.result.Result com.manage.controller.companyOper.CompanyOperController.delOperBatch(javax.servlet.http.HttpServletRequest,javax.servlet.http.HttpServletResponse) throws java.lang.Exception
2019-08-22 09:13:30,881 [main] INFO  [org.springframework.web.servlet.mvc.method.annotation.RequestMappingHandlerMapping] - Mapped "{[/companyRole/del]}" onto public com.manage.utils.result.Result com.manage.controller.companyRole.CompanyRoleController.del(javax.servlet.http.HttpServletRequest,javax.servlet.http.HttpServletResponse) throws java.lang.Exception
2019-08-22 09:13:30,881 [main] INFO  [org.springframework.web.servlet.mvc.method.annotation.RequestMappingHandlerMapping] - Mapped "{[/companyRole/getAllRole]}" onto public com.manage.utils.result.Result com.manage.controller.companyRole.CompanyRoleController.getAuth(javax.servlet.http.HttpServletRequest,javax.servlet.http.HttpServletResponse) throws java.lang.Exception
2019-08-22 09:13:30,882 [main] INFO  [org.springframework.web.servlet.mvc.method.annotation.RequestMappingHandlerMapping] - Mapped "{[/companyRole/addOrEdit]}" onto public com.manage.utils.result.Result com.manage.controller.companyRole.CompanyRoleController.addOrEdit(javax.servlet.http.HttpServletRequest,javax.servlet.http.HttpServletResponse) throws java.lang.Exception
2019-08-22 09:13:30,885 [main] INFO  [org.springframework.web.servlet.mvc.method.annotation.RequestMappingHandlerMapping] - Mapped "{[/companySection/findByPage]}" onto public com.manage.utils.result.Result com.manage.controller.companySection.CompanySectionController.findByPage(javax.servlet.http.HttpServletRequest,javax.servlet.http.HttpServletResponse,java.lang.Integer,java.lang.Integer) throws java.lang.Exception
2019-08-22 09:13:30,885 [main] INFO  [org.springframework.web.servlet.mvc.method.annotation.RequestMappingHandlerMapping] - Mapped "{[/companySection/delete]}" onto public com.manage.utils.result.Result com.manage.controller.companySection.CompanySectionController.deleteNews(javax.servlet.http.HttpServletRequest,javax.servlet.http.HttpServletResponse) throws java.lang.Exception
2019-08-22 09:13:30,886 [main] INFO  [org.springframework.web.servlet.mvc.method.annotation.RequestMappingHandlerMapping] - Mapped "{[/companySection/addOrExit]}" onto public com.manage.utils.result.Result com.manage.controller.companySection.CompanySectionController.addNews(javax.servlet.http.HttpServletRequest,javax.servlet.http.HttpServletResponse) throws java.lang.Exception
2019-08-22 09:13:30,886 [main] INFO  [org.springframework.web.servlet.mvc.method.annotation.RequestMappingHandlerMapping] - Mapped "{[/companySection/findByAll]}" onto public com.manage.utils.result.Result com.manage.controller.companySection.CompanySectionController.findByAll(javax.servlet.http.HttpServletRequest,javax.servlet.http.HttpServletResponse) throws java.lang.Exception
2019-08-22 09:13:30,887 [main] INFO  [org.springframework.web.servlet.mvc.method.annotation.RequestMappingHandlerMapping] - Mapped "{[/companyUser/findByPage]}" onto public com.manage.utils.result.Result com.manage.controller.companyUser.CompanyUserController.findByPage(javax.servlet.http.HttpServletRequest,javax.servlet.http.HttpServletResponse,java.lang.Integer,java.lang.Integer) throws java.lang.Exception
2019-08-22 09:13:30,887 [main] INFO  [org.springframework.web.servlet.mvc.method.annotation.RequestMappingHandlerMapping] - Mapped "{[/companyUser/delete]}" onto public com.manage.utils.result.Result com.manage.controller.companyUser.CompanyUserController.deleteNews(javax.servlet.http.HttpServletRequest,javax.servlet.http.HttpServletResponse) throws java.lang.Exception
2019-08-22 09:13:30,888 [main] INFO  [org.springframework.web.servlet.mvc.method.annotation.RequestMappingHandlerMapping] - Mapped "{[/companyUser/upload],methods=[POST],consumes=[multipart/form-data]}" onto public com.manage.utils.result.Result com.manage.controller.companyUser.CompanyUserController.upload(javax.servlet.http.HttpServletRequest,javax.servlet.http.HttpServletResponse) throws java.lang.Exception
2019-08-22 09:13:30,888 [main] INFO  [org.springframework.web.servlet.mvc.method.annotation.RequestMappingHandlerMapping] - Mapped "{[/companyUser/addOrExit]}" onto public com.manage.utils.result.Result com.manage.controller.companyUser.CompanyUserController.addOrExit(javax.servlet.http.HttpServletRequest,javax.servlet.http.HttpServletResponse) throws java.lang.Exception
2019-08-22 09:13:30,889 [main] INFO  [org.springframework.web.servlet.mvc.method.annotation.RequestMappingHandlerMapping] - Mapped "{[/login/logout]}" onto public com.manage.utils.result.Result com.manage.controller.login.LoginController.logout(javax.servlet.http.HttpServletRequest,javax.servlet.http.HttpServletResponse) throws java.lang.Exception
2019-08-22 09:13:30,889 [main] INFO  [org.springframework.web.servlet.mvc.method.annotation.RequestMappingHandlerMapping] - Mapped "{[/login/changePassword]}" onto public com.manage.utils.result.Result com.manage.controller.login.LoginController.changePassword(javax.servlet.http.HttpServletRequest,javax.servlet.http.HttpServletResponse) throws java.lang.Exception
2019-08-22 09:13:30,889 [main] INFO  [org.springframework.web.servlet.mvc.method.annotation.RequestMappingHandlerMapping] - Mapped "{[/login/login]}" onto public com.manage.utils.result.Result com.manage.controller.login.LoginController.verificationUser(javax.servlet.http.HttpServletRequest,javax.servlet.http.HttpServletResponse) throws java.lang.Exception
2019-08-22 09:13:30,890 [main] INFO  [org.springframework.web.servlet.mvc.method.annotation.RequestMappingHandlerMapping] - Mapped "{[/vipManage/getVip]}" onto public com.manage.utils.result.Result com.manage.controller.VipUserController.findByPage(javax.servlet.http.HttpServletRequest,javax.servlet.http.HttpServletResponse,java.lang.Integer,java.lang.Integer) throws java.lang.Exception
2019-08-22 09:13:30,890 [main] INFO  [org.springframework.web.servlet.mvc.method.annotation.RequestMappingHandlerMapping] - Mapped "{[/vipManage/delVip]}" onto public com.manage.utils.result.Result com.manage.controller.VipUserController.deleteNews(javax.servlet.http.HttpServletRequest,javax.servlet.http.HttpServletResponse) throws java.lang.Exception
2019-08-22 09:13:30,890 [main] INFO  [org.springframework.web.servlet.mvc.method.annotation.RequestMappingHandlerMapping] - Mapped "{[/vipManage/addOrUpdVip]}" onto public com.manage.utils.result.Result com.manage.controller.VipUserController.addNews(javax.servlet.http.HttpServletRequest,javax.servlet.http.HttpServletResponse) throws java.lang.Exception
2019-08-22 09:13:30,891 [main] INFO  [org.springframework.web.servlet.mvc.method.annotation.RequestMappingHandlerMapping] - Mapped "{[/vipManage/upNewsImg],methods=[POST],consumes=[multipart/form-data]}" onto public com.manage.utils.result.Result com.manage.controller.VipUserController.upImg(javax.servlet.http.HttpServletRequest,javax.servlet.http.HttpServletResponse) throws java.lang.Exception
2019-08-22 09:13:30,891 [main] INFO  [org.springframework.web.servlet.mvc.method.annotation.RequestMappingHandlerMapping] - Mapped "{[/yaoyue/getReason]}" onto public com.manage.utils.result.Result com.manage.controller.YaoyueController.getReason(javax.servlet.http.HttpServletRequest,javax.servlet.http.HttpServletResponse) throws java.lang.Exception
2019-08-22 09:13:30,891 [main] INFO  [org.springframework.web.servlet.mvc.method.annotation.RequestMappingHandlerMapping] - Mapped "{[/yaoyue/hasRuleYaoyue]}" onto public com.manage.utils.result.Result com.manage.controller.YaoyueController.hasRuleYaoyue(javax.servlet.http.HttpServletRequest,javax.servlet.http.HttpServletResponse,java.lang.Integer,java.lang.Integer) throws java.lang.Exception
2019-08-22 09:13:30,892 [main] INFO  [org.springframework.web.servlet.mvc.method.annotation.RequestMappingHandlerMapping] - Mapped "{[/yaoyue/isyaoyueone]}" onto public com.manage.utils.result.Result com.manage.controller.YaoyueController.isyaoyueone(javax.servlet.http.HttpServletRequest,javax.servlet.http.HttpServletResponse) throws java.lang.Exception
2019-08-22 09:13:30,893 [main] INFO  [org.springframework.web.servlet.mvc.method.annotation.RequestMappingHandlerMapping] - Mapped "{[/error]}" onto public org.springframework.http.ResponseEntity<java.util.Map<java.lang.String, java.lang.Object>> org.springframework.boot.autoconfigure.web.BasicErrorController.error(javax.servlet.http.HttpServletRequest)
2019-08-22 09:13:30,894 [main] INFO  [org.springframework.web.servlet.mvc.method.annotation.RequestMappingHandlerMapping] - Mapped "{[/error],produces=[text/html]}" onto public org.springframework.web.servlet.ModelAndView org.springframework.boot.autoconfigure.web.BasicErrorController.errorHtml(javax.servlet.http.HttpServletRequest,javax.servlet.http.HttpServletResponse)
2019-08-22 09:13:30,922 [main] INFO  [org.springframework.web.servlet.handler.SimpleUrlHandlerMapping] - Mapped URL path [/webjars/**] onto handler of type [class org.springframework.web.servlet.resource.ResourceHttpRequestHandler]
2019-08-22 09:13:30,922 [main] INFO  [org.springframework.web.servlet.handler.SimpleUrlHandlerMapping] - Mapped URL path [/**] onto handler of type [class org.springframework.web.servlet.resource.ResourceHttpRequestHandler]
2019-08-22 09:13:30,937 [main] INFO  [org.springframework.web.servlet.mvc.method.annotation.ExceptionHandlerExceptionResolver] - Detected @ExceptionHandler methods in exceptionProcessAdvice
2019-08-22 09:13:30,937 [main] INFO  [org.springframework.web.servlet.mvc.method.annotation.ExceptionHandlerExceptionResolver] - Detected @ExceptionHandler methods in myControllerAdvice
2019-08-22 09:13:30,956 [main] INFO  [org.springframework.web.servlet.handler.SimpleUrlHandlerMapping] - Mapped URL path [/**/favicon.ico] onto handler of type [class org.springframework.web.servlet.resource.ResourceHttpRequestHandler]
2019-08-22 09:13:31,298 [main] INFO  [org.springframework.jmx.export.annotation.AnnotationMBeanExporter] - Registering beans for JMX exposure on startup
2019-08-22 09:13:31,300 [main] INFO  [org.springframework.jmx.export.annotation.AnnotationMBeanExporter] - Bean with name 'dataSource' has been autodetected for JMX exposure
2019-08-22 09:13:31,305 [main] INFO  [org.springframework.jmx.export.annotation.AnnotationMBeanExporter] - Located MBean 'dataSource': registering with JMX server as MBean [com.alibaba.druid.pool:name=dataSource,type=DruidDataSource]
2019-08-22 09:13:31,314 [main] INFO  [org.apache.coyote.http11.Http11NioProtocol] - Initializing ProtocolHandler ["http-nio-8085"]
2019-08-22 09:13:31,323 [main] INFO  [org.apache.coyote.http11.Http11NioProtocol] - Starting ProtocolHandler ["http-nio-8085"]
2019-08-22 09:13:31,332 [main] INFO  [org.apache.tomcat.util.net.NioSelectorPool] - Using a shared selector for servlet write/read
2019-08-22 09:13:31,345 [main] INFO  [org.springframework.boot.context.embedded.tomcat.TomcatEmbeddedServletContainer] - Tomcat started on port(s): 8085 (http)
2019-08-22 09:13:31,349 [main] INFO  [com.manage.ManageTestApplication] - Started ManageTestApplication in 4.243 seconds (JVM running for 4.895)
2019-08-22 09:13:53,046 [http-nio-8085-exec-1] INFO  [org.apache.catalina.core.ContainerBase.[Tomcat].[localhost].[/]] - Initializing Spring FrameworkServlet 'dispatcherServlet'
2019-08-22 09:13:53,046 [http-nio-8085-exec-1] INFO  [org.springframework.web.servlet.DispatcherServlet] - FrameworkServlet 'dispatcherServlet': initialization started
2019-08-22 09:13:53,073 [http-nio-8085-exec-1] INFO  [org.springframework.web.servlet.DispatcherServlet] - FrameworkServlet 'dispatcherServlet': initialization completed in 27 ms
2019-08-22 09:13:53,093 [http-nio-8085-exec-1] INFO  [com.manage.utils.interceptor.AuthInterceptor] - requestUrl:http://127.0.0.1:8085/kaptcha/imgCode
2019-08-22 09:14:05,455 [http-nio-8085-exec-3] INFO  [com.manage.utils.interceptor.AuthInterceptor] - requestUrl:http://127.0.0.1:8085/login/login
2019-08-22 09:15:50,878 [http-nio-8085-exec-5] INFO  [com.manage.utils.interceptor.AuthInterceptor] - requestUrl:http://127.0.0.1:8085/kaptcha/imgCode
2019-08-22 09:16:02,773 [http-nio-8085-exec-8] INFO  [com.manage.utils.interceptor.AuthInterceptor] - requestUrl:http://127.0.0.1:8085/login/login
2019-08-22 09:16:18,830 [http-nio-8085-exec-9] INFO  [com.manage.utils.interceptor.AuthInterceptor] - requestUrl:http://127.0.0.1:8085/kaptcha/imgCode
2019-08-22 09:16:25,572 [http-nio-8085-exec-1] INFO  [com.manage.utils.interceptor.AuthInterceptor] - requestUrl:http://127.0.0.1:8085/login/login
2019-08-22 09:16:35,008 [http-nio-8085-exec-2] INFO  [com.manage.utils.interceptor.AuthInterceptor] - requestUrl:http://127.0.0.1:8085/kaptcha/imgCode
2019-08-22 09:17:42,711 [Thread-3] INFO  [org.springframework.boot.context.embedded.AnnotationConfigEmbeddedWebApplicationContext] - Closing org.springframework.boot.context.embedded.AnnotationConfigEmbeddedWebApplicationContext@58ce9668: startup date [Thu Aug 22 09:13:27 CST 2019]; root of context hierarchy
2019-08-22 09:17:42,713 [Thread-3] INFO  [org.springframework.jmx.export.annotation.AnnotationMBeanExporter] - Unregistering JMX-exposed beans on shutdown
2019-08-22 09:17:42,713 [Thread-3] INFO  [org.springframework.jmx.export.annotation.AnnotationMBeanExporter] - Unregistering JMX-exposed beans
2019-08-22 09:17:42,717 [Thread-3] INFO  [com.alibaba.druid.pool.DruidDataSource] - {dataSource-1} closed
